2026-04-18 09:15:49,989 - INFO - ============================================================
2026-04-18 09:15:49,989 - INFO - Binary ARG Classification Training
2026-04-18 09:15:49,989 - INFO - ============================================================
2026-04-18 09:15:49,994 - INFO - Device: cuda
2026-04-18 09:15:49,996 - INFO - Config: configs/binary_config.yaml
2026-04-18 09:15:49,997 - INFO - Loading training data...
2026-04-18 09:15:50,822 - INFO - Loaded 160224 entries from data/train.csv
2026-04-18 09:15:50,916 - INFO - Data: 13463 positive, 146761 negative
2026-04-18 09:15:50,916 - INFO - Loading validation data...
2026-04-18 09:15:51,007 - INFO - Loaded 20839 entries from data/val.csv
2026-04-18 09:15:51,018 - INFO - Data: 2699 positive, 18140 negative
2026-04-18 09:15:51,020 - INFO - Using custom pos_weight: 10.0000 (auto-calculated would be: 10.9011)
2026-04-18 09:15:51,075 - INFO - Model parameters: 1,180,417
2026-04-18 09:15:51,076 - INFO - Using default enhanced architecture (CNN + Attention)
2026-04-18 09:15:51,276 - INFO - Using pos_weight: 10.0000
2026-04-18 09:15:54,306 - INFO - AECR loss enabled (lambda=0.1, sigma=3.0)
2026-04-18 09:15:54,306 - INFO - Starting training for 100 epochs...
2026-04-18 09:15:54,306 - INFO - Device: cuda
2026-04-18 09:15:54,306 - INFO - AMP enabled: True
2026-04-18 09:19:55,865 - INFO - Epoch 001/100 | Loss: 0.9636/0.6306 | Acc: 0.8595 | F1: 0.7738 | LR: 0.000167 | Time: 241.6s
2026-04-18 09:19:56,124 - INFO -   -> Best model saved! (Metric: 0.7886)
2026-04-18 09:23:57,302 - INFO - Epoch 002/100 | Loss: 0.6160/1.7142 | Acc: 0.9199 | F1: 0.7963 | LR: 0.000333 | Time: 241.2s
2026-04-18 09:27:58,089 - INFO - Epoch 003/100 | Loss: 0.5445/3.7400 | Acc: 0.9034 | F1: 0.7040 | LR: 0.000500 | Time: 240.8s
2026-04-18 09:31:59,108 - INFO - Epoch 004/100 | Loss: 0.4713/2.2810 | Acc: 0.9091 | F1: 0.7172 | LR: 0.000667 | Time: 241.0s
2026-04-18 09:36:00,276 - INFO - Epoch 005/100 | Loss: 0.3958/0.3477 | Acc: 0.9188 | F1: 0.8512 | LR: 0.000833 | Time: 241.2s
2026-04-18 09:36:00,414 - INFO -   -> Best model saved! (Metric: 0.8563)
2026-04-18 09:40:02,088 - INFO - Epoch 006/100 | Loss: 0.3379/0.3343 | Acc: 0.9342 | F1: 0.8751 | LR: 0.001000 | Time: 241.7s
2026-04-18 09:40:02,197 - INFO -   -> Best model saved! (Metric: 0.8794)
2026-04-18 09:44:04,081 - INFO - Epoch 007/100 | Loss: 0.3400/0.7014 | Acc: 0.8361 | F1: 0.7530 | LR: 0.001167 | Time: 241.9s
2026-04-18 09:48:06,296 - INFO - Epoch 008/100 | Loss: 0.2863/0.2395 | Acc: 0.9630 | F1: 0.9236 | LR: 0.001333 | Time: 242.2s
2026-04-18 09:48:06,405 - INFO -   -> Best model saved! (Metric: 0.9143)
2026-04-18 09:52:08,482 - INFO - Epoch 009/100 | Loss: 0.2593/0.3972 | Acc: 0.9762 | F1: 0.9462 | LR: 0.001500 | Time: 242.1s
2026-04-18 09:56:10,642 - INFO - Epoch 010/100 | Loss: 0.2359/0.4595 | Acc: 0.9812 | F1: 0.9563 | LR: 0.001667 | Time: 242.2s
2026-04-18 10:00:12,929 - INFO - Epoch 011/100 | Loss: 0.2188/0.1838 | Acc: 0.9837 | F1: 0.9647 | LR: 0.001833 | Time: 242.3s
2026-04-18 10:00:13,114 - INFO -   -> Best model saved! (Metric: 0.9525)
2026-04-18 10:04:16,022 - INFO - Epoch 012/100 | Loss: 0.1956/0.4617 | Acc: 0.9842 | F1: 0.9633 | LR: 0.002000 | Time: 242.9s
2026-04-18 10:08:18,740 - INFO - Epoch 013/100 | Loss: 0.1687/0.2661 | Acc: 0.9889 | F1: 0.9749 | LR: 0.002000 | Time: 242.7s
2026-04-18 10:12:21,785 - INFO - Epoch 014/100 | Loss: 0.1602/0.1640 | Acc: 0.9889 | F1: 0.9757 | LR: 0.002000 | Time: 243.0s
2026-04-18 10:12:21,876 - INFO -   -> Best model saved! (Metric: 0.9664)
2026-04-18 10:16:25,071 - INFO - Epoch 015/100 | Loss: 0.1497/0.1483 | Acc: 0.9823 | F1: 0.9623 | LR: 0.002000 | Time: 243.2s
2026-04-18 10:20:28,476 - INFO - Epoch 016/100 | Loss: 0.1304/0.2138 | Acc: 0.9898 | F1: 0.9772 | LR: 0.001999 | Time: 243.4s
2026-04-18 10:24:31,339 - INFO - Epoch 017/100 | Loss: 0.1285/0.1537 | Acc: 0.9933 | F1: 0.9851 | LR: 0.001999 | Time: 242.9s
2026-04-18 10:24:31,547 - INFO -   -> Best model saved! (Metric: 0.9750)
2026-04-18 10:28:34,370 - INFO - Epoch 018/100 | Loss: 0.1131/0.4849 | Acc: 0.9811 | F1: 0.9557 | LR: 0.001999 | Time: 242.8s
2026-04-18 10:32:37,424 - INFO - Epoch 019/100 | Loss: 0.1113/0.3985 | Acc: 0.9874 | F1: 0.9721 | LR: 0.001998 | Time: 243.1s
2026-04-18 10:36:40,536 - INFO - Epoch 020/100 | Loss: 0.1033/0.3276 | Acc: 0.9900 | F1: 0.9774 | LR: 0.001998 | Time: 243.1s
2026-04-18 10:40:44,382 - INFO - Epoch 021/100 | Loss: 0.0971/0.4075 | Acc: 0.9893 | F1: 0.9760 | LR: 0.001997 | Time: 243.8s
2026-04-18 10:44:47,403 - INFO - Epoch 022/100 | Loss: 0.0922/0.5120 | Acc: 0.9895 | F1: 0.9763 | LR: 0.001997 | Time: 243.0s
2026-04-18 10:48:50,227 - INFO - Epoch 023/100 | Loss: 0.0911/0.1665 | Acc: 0.9914 | F1: 0.9811 | LR: 0.001996 | Time: 242.8s
2026-04-18 10:52:53,350 - INFO - Epoch 024/100 | Loss: 0.0862/0.1590 | Acc: 0.9821 | F1: 0.9618 | LR: 0.001995 | Time: 243.1s
2026-04-18 10:56:56,375 - INFO - Epoch 025/100 | Loss: 0.0867/0.2275 | Acc: 0.9913 | F1: 0.9807 | LR: 0.001994 | Time: 243.0s
2026-04-18 11:00:58,980 - INFO - Epoch 026/100 | Loss: 0.0816/0.1636 | Acc: 0.9936 | F1: 0.9858 | LR: 0.001994 | Time: 242.6s
2026-04-18 11:00:59,167 - INFO -   -> Best model saved! (Metric: 0.9777)
2026-04-18 11:05:01,695 - INFO - Epoch 027/100 | Loss: 0.0867/0.5136 | Acc: 0.9792 | F1: 0.9510 | LR: 0.001993 | Time: 242.5s
2026-04-18 11:09:04,391 - INFO - Epoch 028/100 | Loss: 0.0785/0.2446 | Acc: 0.9909 | F1: 0.9799 | LR: 0.001992 | Time: 242.7s
2026-04-18 11:13:06,753 - INFO - Epoch 029/100 | Loss: 0.0791/0.2568 | Acc: 0.9828 | F1: 0.9628 | LR: 0.001991 | Time: 242.4s
2026-04-18 11:17:09,278 - INFO - Epoch 030/100 | Loss: 0.0837/0.4213 | Acc: 0.9924 | F1: 0.9829 | LR: 0.001989 | Time: 242.5s
2026-04-18 11:21:12,199 - INFO - Epoch 031/100 | Loss: 0.0759/0.2360 | Acc: 0.9889 | F1: 0.9759 | LR: 0.001988 | Time: 242.9s
2026-04-18 11:25:14,697 - INFO - Epoch 032/100 | Loss: 0.0803/0.2078 | Acc: 0.9837 | F1: 0.9651 | LR: 0.001987 | Time: 242.5s
2026-04-18 11:29:17,412 - INFO - Epoch 033/100 | Loss: 0.0760/0.6161 | Acc: 0.9828 | F1: 0.9598 | LR: 0.001986 | Time: 242.7s
2026-04-18 11:33:19,894 - INFO - Epoch 034/100 | Loss: 0.0754/0.2946 | Acc: 0.9918 | F1: 0.9820 | LR: 0.001984 | Time: 242.5s
2026-04-18 11:37:22,686 - INFO - Epoch 035/100 | Loss: 0.0735/0.7948 | Acc: 0.9911 | F1: 0.9798 | LR: 0.001983 | Time: 242.8s
2026-04-18 11:41:25,709 - INFO - Epoch 036/100 | Loss: 0.0700/0.6202 | Acc: 0.9858 | F1: 0.9673 | LR: 0.001981 | Time: 243.0s
2026-04-18 11:45:28,338 - INFO - Epoch 037/100 | Loss: 0.0757/0.2773 | Acc: 0.9929 | F1: 0.9844 | LR: 0.001980 | Time: 242.6s
2026-04-18 11:49:31,010 - INFO - Epoch 038/100 | Loss: 0.0721/0.1812 | Acc: 0.9912 | F1: 0.9806 | LR: 0.001978 | Time: 242.7s
2026-04-18 11:53:34,032 - INFO - Epoch 039/100 | Loss: 0.0722/0.5822 | Acc: 0.9900 | F1: 0.9772 | LR: 0.001976 | Time: 243.0s
2026-04-18 11:57:36,657 - INFO - Epoch 040/100 | Loss: 0.0727/0.1954 | Acc: 0.9861 | F1: 0.9701 | LR: 0.001974 | Time: 242.6s
2026-04-18 12:01:39,138 - INFO - Epoch 041/100 | Loss: 0.0726/0.2505 | Acc: 0.9922 | F1: 0.9829 | LR: 0.001973 | Time: 242.5s
2026-04-18 12:01:39,139 - INFO - Early stopping triggered at epoch 41
2026-04-18 12:01:39,149 - INFO - Training history saved to: ./checkpoints/binary/training_history.json
2026-04-18 12:01:43,809 - INFO - Training plots saved to: ./figures/binary
2026-04-18 12:01:43,810 - INFO - ============================================================
2026-04-18 12:01:43,812 - INFO - Training completed!
2026-04-18 12:01:43,812 - INFO - Best model saved to: ./checkpoints/binary/binary_best.pth
2026-04-18 12:01:43,813 - INFO - Best metric: 0.9777
2026-04-18 12:01:43,814 - INFO - Loading test data for evaluation...
2026-04-18 12:01:43,896 - INFO - Loaded 19431 entries from data/test.csv
2026-04-18 12:01:43,908 - INFO - Data: 1176 positive, 18255 negative
2026-04-18 12:01:43,910 - INFO - Running test set evaluation...
2026-04-18 12:01:51,781 - INFO - Evaluation plots saved to: ./figures/binary
2026-04-18 12:01:52,136 - INFO - Test metrics saved to: ./checkpoints/binary/test_metrics.json
2026-04-18 12:01:52,137 - INFO - 
============================================================
Evaluation Metrics
============================================================
Accuracy:           0.9857
Balanced Accuracy:  0.9244
Precision (macro):  0.9476
Recall (macro):     0.9244
F1 Score (macro):   0.9357
ROC-AUC:            0.9925
MCC:                0.8717
Cohen's Kappa:      0.8713
============================================================

Per-Class Metrics:
------------------------------------------------------------
Class                   Precision       Recall           F1    Support
------------------------------------------------------------
non-ARG                    0.9907       0.9942       0.9924      18255
ARG                        0.9046       0.8546       0.8789       1176
============================================================
